Uninstall oem17.inf
Remove 000000000024EE08
Uninstall oem21.inf
Remove 000000000024EF88
Uninstall oem23.inf
Remove 000000000024F048
Uninstall oem27.inf
Remove 000000000024F1C8
Uninstall oem28.inf
Remove 000000000024F228
Uninstall oem29.inf
Remove 000000000024F288
Uninstall oem41.inf
Remove 000000000024F528
Uninstall oem43.inf
Remove 000000000024F5E8
Uninstall oem44.inf
Remove 000000000024F648
Uninstall oem45.inf
Remove 000000000024F6A8
Uninstall oem49.inf
Remove 000000000024F7C8
Remove USB\VID_1782&PID_4D10&REV_0000&MI_06
Remove USB\VID_1782&PID_4D10&MI_06
Remove USB\VID_1782&PID_4D11&REV_0000&MI_05
Remove USB\VID_1782&PID_4D11&MI_05
Remove USB\VID_1782&PID_0009&REV_0001&MI_01
Remove USB\VID_1782&PID_0009&MI_01
Remove USB\VID_1782&PID_4D10&REV_0000&MI_01
Remove USB\VID_1782&PID_4D10&MI_01
Remove USB\VID_1782&PID_4D10&REV_0000
Remove USB\VID_1782&PID_4D10
Remove USB\VID_1782&PID_4D11&REV_0000&MI_09
Remove USB\VID_1782&PID_4D11&MI_09
Remove USB\VID_1782&PID_4D10&REV_0000&MI_04
Remove USB\VID_1782&PID_4D10&MI_04
Remove USB\VID_1782&PID_4D11&REV_0000&MI_02
Remove USB\VID_1782&PID_4D11&MI_02
Remove USB\VID_1782&PID_0009&REV_0001
Remove USB\VID_1782&PID_0009
Remove USB\VID_1782&PID_4D10&REV_0000&MI_06
Remove USB\VID_1782&PID_4D10&MI_06
Remove USB\VID_1782&PID_4D11&REV_0000&MI_05
Remove USB\VID_1782&PID_4D11&MI_05
Remove USB\VID_1782&PID_4D10&REV_0000
Remove USB\VID_1782&PID_4D10
Remove USB\VID_1782&PID_4D10&REV_0000&MI_02
Remove USB\VID_1782&PID_4D10&MI_02
Remove USB\VID_1782&PID_0009&REV_0001&MI_01
Remove USB\VID_1782&PID_0009&MI_01
Remove USB\VID_1782&PID_4D11&REV_0000&MI_09
Remove USB\VID_1782&PID_4D11&MI_09
Remove USB\VID_1782&PID_4D10&REV_0000&MI_04
Remove USB\VID_1782&PID_4D10&MI_04
Remove USB\VID_1782&PID_0009&REV_0001
Remove USB\VID_1782&PID_0009
Remove USB\VID_1782&PID_4D11&REV_0000&MI_02
Remove USB\VID_1782&PID_4D11&MI_02
Remove USB\VID_1782&PID_4D10&REV_0000&MI_07
Remove USB\VID_1782&PID_4D10&MI_07
Remove USB\VID_1782&PID_4D10&REV_0000&MI_00
Remove USB\VID_1782&PID_4D10&MI_00
Remove USB\VID_1782&PID_4D11&REV_0000&MI_06
Remove USB\VID_1782&PID_4D11&MI_06
Remove USB\VID_1782&PID_4D10&REV_0000&MI_02
Remove USB\VID_1782&PID_4D10&MI_02
Remove USB\VID_1782&PID_0009&REV_0001&MI_01
Remove USB\VID_1782&PID_0009&MI_01
Remove USB\VID_1782&PID_4D11&REV_0000&MI_09
Remove USB\VID_1782&PID_4D11&MI_09
Remove USB\VID_1782&PID_0009&REV_0001
Remove USB\VID_1782&PID_0009
Remove USB\VID_1782&PID_4D10&REV_0000&MI_04
Remove USB\VID_1782&PID_4D10&MI_04
Remove USB\VID_1782&PID_4D11&REV_0000&MI_02
Remove USB\VID_1782&PID_4D11&MI_02
Remove USB\VID_1782&PID_4D10&REV_0000&MI_07
Remove USB\VID_1782&PID_4D10&MI_07
Remove USB\VID_1782&PID_4D10&REV_0000&MI_00
Remove USB\VID_1782&PID_4D10&MI_00
Remove USB\VID_1782&PID_4D11&REV_0000&MI_06
Remove USB\VID_1782&PID_4D11&MI_06
Remove USB\VID_1782&PID_0009&REV_0001
Remove USB\VID_1782&PID_0009
Remove USB\VID_1782&PID_4D10&REV_0000&MI_02
Remove USB\VID_1782&PID_4D10&MI_02
Remove USB\VID_1782&PID_0009&REV_0001&MI_01
Remove USB\VID_1782&PID_0009&MI_01
Remove USB\VID_1782&PID_4D12&REV_0000
Remove USB\VID_1782&PID_4D12
Remove USB\VID_1782&PID_4D10&REV_0000&MI_04
Remove USB\VID_1782&PID_4D10&MI_04
Remove USB\VID_1782&PID_4D11&REV_0000&MI_03
Remove USB\VID_1782&PID_4D11&MI_03
Remove USB\VID_1782&PID_4D10&REV_0000&MI_07
Remove USB\VID_1782&PID_4D10&MI_07
Remove USB\VID_1782&PID_4D10&REV_0000&MI_00
Remove USB\VID_1782&PID_4D10&MI_00
Remove USB\VID_1782&PID_4D11&REV_0000&MI_06
Remove USB\VID_1782&PID_4D11&MI_06
Remove USB\VID_1782&PID_0009&REV_0001
Remove USB\VID_1782&PID_0009
Remove USB\VID_1782&PID_4D12&REV_0000
Remove USB\VID_1782&PID_4D12
Remove USB\VID_1782&PID_4D10&REV_0000&MI_02
Remove USB\VID_1782&PID_4D10&MI_02
Remove USB\VID_1782&PID_4D00&REV_0202
Remove USB\VID_1782&PID_4D00
Remove USB\VID_1782&PID_4D10&REV_0000&MI_05
Remove USB\VID_1782&PID_4D10&MI_05
Remove USB\VID_1782&PID_4D11&REV_0000&MI_03
Remove USB\VID_1782&PID_4D11&MI_03
Remove USB\VID_1782&PID_4D10&REV_0000&MI_07
Remove USB\VID_1782&PID_4D10&MI_07
Remove USB\VID_1782&PID_0009&REV_0001&MI_00
Remove USB\VID_1782&PID_0009&MI_00
Remove USB\VID_1782&PID_4D10&REV_0000&MI_00
Remove USB\VID_1782&PID_4D10&MI_00
Remove USB\VID_1782&PID_4D11&REV_0000&MI_07
Remove USB\VID_1782&PID_4D11&MI_07
Remove USB\VID_1782&PID_4D12&REV_0000
Remove USB\VID_1782&PID_4D12
Remove USB\VID_1782&PID_4D00&REV_0202
Remove USB\VID_1782&PID_4D00
Remove USB\VID_1782&PID_4D10&REV_0000&MI_02
Remove USB\VID_1782&PID_4D10&MI_02
Remove USB\VID_1782&PID_4D10&REV_0000&MI_05
Remove USB\VID_1782&PID_4D10&MI_05
Remove USB\VID_1782&PID_4D11&REV_0000&MI_03
Remove USB\VID_1782&PID_4D11&MI_03
Remove USB\VID_1782&PID_4D11&REV_0000
Remove USB\VID_1782&PID_4D11
Remove USB\VID_1782&PID_4D12&REV_0000
Remove USB\VID_1782&PID_4D12
Remove USB\VID_1782&PID_0009&REV_0001&MI_00
Remove USB\VID_1782&PID_0009&MI_00
Remove USB\VID_1782&PID_4D00&REV_0202
Remove USB\VID_1782&PID_4D00
Remove USB\VID_1782&PID_4D10&REV_0000&MI_00
Remove USB\VID_1782&PID_4D10&MI_00
Remove USB\VID_1782&PID_4D11&REV_0000&MI_07
Remove USB\VID_1782&PID_4D11&MI_07
Remove USB\VID_0525&PID_A4A7&REV_0000
Remove USB\VID_0525&PID_A4A7
Remove USB\VID_1782&PID_4D10&REV_0000&MI_03
Remove USB\VID_1782&PID_4D10&MI_03
Remove USB\VID_1782&PID_4D10&REV_0000&MI_05
Remove USB\VID_1782&PID_4D10&MI_05
Remove USB\VID_1782&PID_4D11&REV_0000
Remove USB\VID_1782&PID_4D11
Remove USB\VID_1782&PID_4D11&REV_0000&MI_04
Remove USB\VID_1782&PID_4D11&MI_04
Remove USB\VID_1782&PID_4D12&REV_0000
Remove USB\VID_1782&PID_4D12
Remove USB\VID_1782&PID_4D00&REV_0202
Remove USB\VID_1782&PID_4D00
Remove USB\VID_0525&PID_A4A7&REV_0000
Remove USB\VID_0525&PID_A4A7
Remove USB\VID_1782&PID_0009&REV_0001&MI_00
Remove USB\VID_1782&PID_0009&MI_00
Remove USB\VID_1782&PID_4D10&REV_0000&MI_01
Remove USB\VID_1782&PID_4D10&MI_01
Remove USB\VID_1782&PID_4D11&REV_0000&MI_07
Remove USB\VID_1782&PID_4D11&MI_07
Remove USB\VID_1782&PID_4D10&REV_0000&MI_03
Remove USB\VID_1782&PID_4D10&MI_03
Remove USB\VID_1782&PID_4D11&REV_0000
Remove USB\VID_1782&PID_4D11
Remove USB\VID_1782&PID_4D10&REV_0000&MI_05
Remove USB\VID_1782&PID_4D10&MI_05
Remove USB\VID_1782&PID_4D00&REV_0202
Remove USB\VID_1782&PID_4D00
Remove USB\VID_1782&PID_4D11&REV_0000&MI_04
Remove USB\VID_1782&PID_4D11&MI_04
Remove USB\VID_0525&PID_A4A7&REV_0000
Remove USB\VID_0525&PID_A4A7
Remove USB\VID_1782&PID_0009&REV_0001&MI_00
Remove USB\VID_1782&PID_0009&MI_00
Remove USB\VID_1782&PID_4D10&REV_0000&MI_01
Remove USB\VID_1782&PID_4D10&MI_01
Remove USB\VID_1782&PID_4D11&REV_0000&MI_08
Remove USB\VID_1782&PID_4D11&MI_08
Remove USB\VID_1782&PID_4D10&REV_0000&MI_03
Remove USB\VID_1782&PID_4D10&MI_03
Remove USB\VID_1782&PID_4D11&REV_0000&MI_00
Remove USB\VID_1782&PID_4D11&MI_00
Remove USB\VID_1782&PID_4D10&REV_0000
Remove USB\VID_1782&PID_4D10
Remove USB\VID_1782&PID_4D10&REV_0000&MI_06
Remove USB\VID_1782&PID_4D10&MI_06
Remove USB\VID_0525&PID_A4A7&REV_0000
Remove USB\VID_0525&PID_A4A7
Remove USB\VID_1782&PID_4D11&REV_0000&MI_04
Remove USB\VID_1782&PID_4D11&MI_04
Remove USB\VID_1782&PID_0009&REV_0001&MI_00
Remove USB\VID_1782&PID_0009&MI_00
Remove USB\VID_1782&PID_4D10&REV_0000&MI_01
Remove USB\VID_1782&PID_4D10&MI_01
Remove USB\VID_1782&PID_4D11&REV_0000&MI_08
Remove USB\VID_1782&PID_4D11&MI_08
Remove USB\VID_1782&PID_4D10&REV_0000&MI_03
Remove USB\VID_1782&PID_4D10&MI_03
Remove USB\VID_1782&PID_4D11&REV_0000&MI_00
Remove USB\VID_1782&PID_4D11&MI_00
Remove USB\VID_1782&PID_4D10&REV_0000
Remove USB\VID_1782&PID_4D10
Remove USB\VID_0525&PID_A4A7&REV_0000
Remove USB\VID_0525&PID_A4A7
Remove USB\VID_1782&PID_4D10&REV_0000&MI_06
Remove USB\VID_1782&PID_4D10&MI_06
Remove USB\VID_1782&PID_4D11&REV_0000&MI_05
Remove USB\VID_1782&PID_4D11&MI_05
Remove USB\VID_1782&PID_0009&REV_0001&MI_01
Remove USB\VID_1782&PID_0009&MI_01
Remove USB\VID_1782&PID_4D10&REV_0000&MI_01
Remove USB\VID_1782&PID_4D10&MI_01
Remove USB\VID_1782&PID_4D11&REV_0000&MI_08
Remove USB\VID_1782&PID_4D11&MI_08
Remove USB\VID_1782&PID_4D10&REV_0000
Remove USB\VID_1782&PID_4D10
Remove USB\VID_1782&PID_4D10&REV_0000&MI_03
Remove USB\VID_1782&PID_4D10&MI_03
Remove USB\VID_1782&PID_4D11&REV_0000&MI_00
Remove USB\VID_1782&PID_4D11&MI_00
